<?xml version="1.0" encoding="UTF-8"?>
<testsuite xmlns:xsi="http://www.w3.org/2001/XMLSchema-instance" xsi:noNamespaceSchemaLocation="https://maven.apache.org/surefire/maven-surefire-plugin/xsd/surefire-test-report-3.0.xsd" version="3.0" name="com.syntaxerror.biblioteca.persistance.dao.LectorDAOTest" time="119.409" tests="5" errors="0" skipped="0" failures="0">
  <properties>
    <property name="java.specification.version" value="21"/>
    <property name="sun.cpu.isalist" value="amd64"/>
    <property name="sun.jnu.encoding" value="Cp1252"/>
    <property name="java.class.path" value="C:\Users\Fabian\OneDrive\Documents\GitHub\myholylib\ProyectoSyntaxErrorBiblioteca\target\test-classes;C:\Users\Fabian\OneDrive\Documents\GitHub\myholylib\ProyectoSyntaxErrorBiblioteca\target\classes;C:\Users\Fabian\.m2\repository\commons-codec\commons-codec\1.18.0\commons-codec-1.18.0.jar;C:\Users\Fabian\.m2\repository\com\mysql\mysql-connector-j\9.2.0\mysql-connector-j-9.2.0.jar;C:\Users\Fabian\.m2\repository\com\google\protobuf\protobuf-java\4.29.0\protobuf-java-4.29.0.jar;C:\Users\Fabian\.m2\repository\org\junit\jupiter\junit-jupiter-api\5.6.0\junit-jupiter-api-5.6.0.jar;C:\Users\Fabian\.m2\repository\org\apiguardian\apiguardian-api\1.1.0\apiguardian-api-1.1.0.jar;C:\Users\Fabian\.m2\repository\org\opentest4j\opentest4j\1.2.0\opentest4j-1.2.0.jar;C:\Users\Fabian\.m2\repository\org\junit\platform\junit-platform-commons\1.6.0\junit-platform-commons-1.6.0.jar;C:\Users\Fabian\.m2\repository\org\junit\jupiter\junit-jupiter-params\5.6.0\junit-jupiter-params-5.6.0.jar;C:\Users\Fabian\.m2\repository\org\junit\jupiter\junit-jupiter-engine\5.6.0\junit-jupiter-engine-5.6.0.jar;C:\Users\Fabian\.m2\repository\org\junit\platform\junit-platform-engine\1.6.0\junit-platform-engine-1.6.0.jar;"/>
    <property name="java.vm.vendor" value="Oracle Corporation"/>
    <property name="sun.arch.data.model" value="64"/>
    <property name="user.variant" value=""/>
    <property name="java.vendor.url" value="https://java.oracle.com/"/>
    <property name="user.timezone" value="America/Lima"/>
    <property name="os.name" value="Windows 10"/>
    <property name="java.vm.specification.version" value="21"/>
    <property name="user.country" value="PE"/>
    <property name="sun.java.launcher" value="SUN_STANDARD"/>
    <property name="sun.boot.library.path" value="C:\Program Files\Java\jdk-21\bin"/>
    <property name="sun.java.command" value="C:\Users\Fabian\AppData\Local\Temp\surefire18251180598464349830\surefirebooter-20250506001509542_3.jar C:\Users\Fabian\AppData\Local\Temp\surefire18251180598464349830 2025-05-06T00-15-09_355-jvmRun1 surefire-20250506001509542_1tmp surefire_0-20250506001509542_2tmp"/>
    <property name="jdk.debug" value="release"/>
    <property name="test" value="com.syntaxerror.biblioteca.persistance.dao.LectorDAOTest"/>
    <property name="surefire.test.class.path" value="C:\Users\Fabian\OneDrive\Documents\GitHub\myholylib\ProyectoSyntaxErrorBiblioteca\target\test-classes;C:\Users\Fabian\OneDrive\Documents\GitHub\myholylib\ProyectoSyntaxErrorBiblioteca\target\classes;C:\Users\Fabian\.m2\repository\commons-codec\commons-codec\1.18.0\commons-codec-1.18.0.jar;C:\Users\Fabian\.m2\repository\com\mysql\mysql-connector-j\9.2.0\mysql-connector-j-9.2.0.jar;C:\Users\Fabian\.m2\repository\com\google\protobuf\protobuf-java\4.29.0\protobuf-java-4.29.0.jar;C:\Users\Fabian\.m2\repository\org\junit\jupiter\junit-jupiter-api\5.6.0\junit-jupiter-api-5.6.0.jar;C:\Users\Fabian\.m2\repository\org\apiguardian\apiguardian-api\1.1.0\apiguardian-api-1.1.0.jar;C:\Users\Fabian\.m2\repository\org\opentest4j\opentest4j\1.2.0\opentest4j-1.2.0.jar;C:\Users\Fabian\.m2\repository\org\junit\platform\junit-platform-commons\1.6.0\junit-platform-commons-1.6.0.jar;C:\Users\Fabian\.m2\repository\org\junit\jupiter\junit-jupiter-params\5.6.0\junit-jupiter-params-5.6.0.jar;C:\Users\Fabian\.m2\repository\org\junit\jupiter\junit-jupiter-engine\5.6.0\junit-jupiter-engine-5.6.0.jar;C:\Users\Fabian\.m2\repository\org\junit\platform\junit-platform-engine\1.6.0\junit-platform-engine-1.6.0.jar;"/>
    <property name="sun.cpu.endian" value="little"/>
    <property name="user.home" value="C:\Users\Fabian"/>
    <property name="user.language" value="es"/>
    <property name="java.specification.vendor" value="Oracle Corporation"/>
    <property name="java.version.date" value="2025-01-21"/>
    <property name="java.home" value="C:\Program Files\Java\jdk-21"/>
    <property name="file.separator" value="\"/>
    <property name="basedir" value="C:\Users\Fabian\OneDrive\Documents\GitHub\myholylib\ProyectoSyntaxErrorBiblioteca"/>
    <property name="java.vm.compressedOopsMode" value="32-bit"/>
    <property name="line.separator" value="&#10;"/>
    <property name="java.vm.specification.vendor" value="Oracle Corporation"/>
    <property name="java.specification.name" value="Java Platform API Specification"/>
    <property name="surefire.real.class.path" value="C:\Users\Fabian\AppData\Local\Temp\surefire18251180598464349830\surefirebooter-20250506001509542_3.jar"/>
    <property name="user.script" value=""/>
    <property name="sun.management.compiler" value="HotSpot 64-Bit Tiered Compilers"/>
    <property name="java.runtime.version" value="21.0.6+8-LTS-188"/>
    <property name="user.name" value="Fabian"/>
    <property name="stdout.encoding" value="Cp1252"/>
    <property name="path.separator" value=";"/>
    <property name="os.version" value="10.0"/>
    <property name="java.runtime.name" value="Java(TM) SE Runtime Environment"/>
    <property name="file.encoding" value="UTF-8"/>
    <property name="java.vm.name" value="Java HotSpot(TM) 64-Bit Server VM"/>
    <property name="maven.ext.class.path" value="C:\Program Files\NetBeans-23\netbeans\java\maven-nblib\netbeans-eventspy.jar"/>
    <property name="localRepository" value="C:\Users\Fabian\.m2\repository"/>
    <property name="java.vendor.url.bug" value="https://bugreport.java.com/bugreport/"/>
    <property name="java.io.tmpdir" value="C:\Users\Fabian\AppData\Local\Temp\"/>
    <property name="java.version" value="21.0.6"/>
    <property name="user.dir" value="C:\Users\Fabian\OneDrive\Documents\GitHub\myholylib\ProyectoSyntaxErrorBiblioteca"/>
    <property name="os.arch" value="amd64"/>
    <property name="java.vm.specification.name" value="Java Virtual Machine Specification"/>
    <property name="sun.os.patch.level" value=""/>
    <property name="native.encoding" value="Cp1252"/>
    <property name="java.library.path" value="C:\Program Files\Java\jdk-21\bin;C:\WINDOWS\Sun\Java\bin;C:\WINDOWS\system32;C:\WINDOWS;C:\app\Fabian\product\21c\dbhomeXE\bin;C:\Windows\Microsoft.NET\Framework64\v4.0.30319\;C:\Program Files\dotnet\;C:\Program Files\Common Files\Oracle\Java\javapath;C:\Program Files (x86)\Common Files\Oracle\Java\javapath;C:\Program Files (x86)\NVIDIA Corporation\PhysX\Common;C:\ProgramData\Oracle\Java\javapath;C:\WINDOWS\system32;C:\WINDOWS;C:\WINDOWS\System32\Wbem;C:\WINDOWS\System32\WindowsPowerShell\v1.0\;C:\WINDOWS\System32\OpenSSH\;C:\Program Files\Git\cmd;C:\Program Files (x86)\Windows Kits\10\Windows Performance Toolkit\;C:\MinGW\bin;C:\MinGW\MSYS\1.0\bin;C:\Program Files\Java\jdk-21\bin;C:\Program Files\Microsoft SQL Server\150\Tools\Binn\;C:\Program Files\Microsoft SQL Server\Client SDK\ODBC\170\Tools\Binn\;C:\Users\Fabian\AppData\Local\Programs\Python\Python38-32\Scripts\;C:\Users\Fabian\AppData\Local\Programs\Python\Python38-32\;C:\Users\Fabian\AppData\Local\Microsoft\WindowsApps;C:\Program Files\JetBrains\PyCharm Community Edition 2020.2.2\bin;;C:\flutter\bin;C:\Users\Fabian\AppData\Local\Programs\Microsoft VS Code\bin;C:\Users\Fabian\.dotnet\tools;C:\Users\Fabian\AppData\Local\GitHubDesktop\bin;."/>
    <property name="java.vm.info" value="mixed mode, sharing"/>
    <property name="stderr.encoding" value="Cp1252"/>
    <property name="java.vendor" value="Oracle Corporation"/>
    <property name="java.vm.version" value="21.0.6+8-LTS-188"/>
    <property name="sun.io.unicode.encoding" value="UnicodeLittle"/>
    <property name="java.class.version" value="65.0"/>
  </properties>
  <testcase name="testModificar" classname="com.syntaxerror.biblioteca.persistance.dao.LectorDAOTest" time="30.33">
    <system-out><![CDATA[---- DATOS DE BIB_PERSONA ----
ID_PERSONA: 8986
NOMBRE_COMPLETO: Juan Pérez
DIRECCION: Av. Siempre Viva 123
TELEFONO: 987654321
CORREO: juan.perez@example.com
---- DATOS DE BIB_LECTOR ----
ID_LECTOR: 40
NIVEL: BASICO
PERSONA_IDPERSONA: 8986
]]></system-out>
    <system-err><![CDATA[may. 06, 2025 12:15:13 A. M. com.syntaxerror.biblioteca.persistance.dao.impl.DAOImplBase ejecutarModificacionEnBD
INFO: com.mysql.cj.jdbc.CallableStatement: INSERT INTO BIB_SEDE(NOMBRE, DIRECCION, DISTRITO, TELEFONO_CONTACTO, CORREO_CONTACTO, ACTIVA) VALUES ('Sede Test', 'Dirección Test', 'Distrito Test', '123456789', 'test@test.com', 1)
may. 06, 2025 12:15:17 A. M. com.syntaxerror.biblioteca.persistance.dao.impl.DAOImplBase ejecutarModificacionEnBD
INFO: com.mysql.cj.jdbc.CallableStatement: INSERT INTO BIB_LECTOR(NIVEL, PERSONA_IDPERSONA) VALUES ('BASICO', 8986)
may. 06, 2025 12:15:22 A. M. com.syntaxerror.biblioteca.persistance.dao.impl.DAOImplBase ejecutarModificacionEnBD
INFO: com.mysql.cj.jdbc.CallableStatement: INSERT INTO BIB_LECTOR(NIVEL, PERSONA_IDPERSONA) VALUES ('INTERMEDIO', 8987)
may. 06, 2025 12:15:26 A. M. com.syntaxerror.biblioteca.persistance.dao.impl.DAOImplBase ejecutarModificacionEnBD
INFO: com.mysql.cj.jdbc.CallableStatement: UPDATE BIB_LECTOR SET NIVEL='AVANZADO', PERSONA_IDPERSONA=8986 WHERE ID_LECTOR=40
may. 06, 2025 12:15:29 A. M. com.syntaxerror.biblioteca.persistance.dao.impl.DAOImplBase ejecutarModificacionEnBD
INFO: com.mysql.cj.jdbc.CallableStatement: UPDATE BIB_LECTOR SET NIVEL='BASICO', PERSONA_IDPERSONA=8987 WHERE ID_LECTOR=41
may. 06, 2025 12:15:33 A. M. com.syntaxerror.biblioteca.persistance.dao.impl.DAOImplBase ejecutarModificacionEnBD
INFO: com.mysql.cj.jdbc.CallableStatement: DELETE FROM BIB_LECTOR WHERE ID_LECTOR=40
may. 06, 2025 12:15:37 A. M. com.syntaxerror.biblioteca.persistance.dao.impl.DAOImplBase ejecutarModificacionEnBD
INFO: com.mysql.cj.jdbc.CallableStatement: DELETE FROM BIB_LECTOR WHERE ID_LECTOR=41
]]></system-err>
  </testcase>
  <testcase name="testObtenerPorId" classname="com.syntaxerror.biblioteca.persistance.dao.LectorDAOTest" time="23.604">
    <system-out><![CDATA[---- DATOS DE BIB_PERSONA ----
ID_PERSONA: 8988
NOMBRE_COMPLETO: Juan Pérez
DIRECCION: Av. Siempre Viva 123
TELEFONO: 987654321
CORREO: juan.perez@example.com
---- DATOS DE BIB_LECTOR ----
ID_LECTOR: 42
NIVEL: BASICO
PERSONA_IDPERSONA: 8988
]]></system-out>
    <system-err><![CDATA[may. 06, 2025 12:15:43 A. M. com.syntaxerror.biblioteca.persistance.dao.impl.DAOImplBase ejecutarModificacionEnBD
INFO: com.mysql.cj.jdbc.CallableStatement: INSERT INTO BIB_SEDE(NOMBRE, DIRECCION, DISTRITO, TELEFONO_CONTACTO, CORREO_CONTACTO, ACTIVA) VALUES ('Sede Test', 'Dirección Test', 'Distrito Test', '123456789', 'test@test.com', 1)
may. 06, 2025 12:15:46 A. M. com.syntaxerror.biblioteca.persistance.dao.impl.DAOImplBase ejecutarModificacionEnBD
INFO: com.mysql.cj.jdbc.CallableStatement: INSERT INTO BIB_LECTOR(NIVEL, PERSONA_IDPERSONA) VALUES ('BASICO', 8988)
may. 06, 2025 12:15:51 A. M. com.syntaxerror.biblioteca.persistance.dao.impl.DAOImplBase ejecutarModificacionEnBD
INFO: com.mysql.cj.jdbc.CallableStatement: INSERT INTO BIB_LECTOR(NIVEL, PERSONA_IDPERSONA) VALUES ('INTERMEDIO', 8989)
may. 06, 2025 12:15:57 A. M. com.syntaxerror.biblioteca.persistance.dao.impl.DAOImplBase ejecutarModificacionEnBD
INFO: com.mysql.cj.jdbc.CallableStatement: DELETE FROM BIB_LECTOR WHERE ID_LECTOR=42
may. 06, 2025 12:16:01 A. M. com.syntaxerror.biblioteca.persistance.dao.impl.DAOImplBase ejecutarModificacionEnBD
INFO: com.mysql.cj.jdbc.CallableStatement: DELETE FROM BIB_LECTOR WHERE ID_LECTOR=43
]]></system-err>
  </testcase>
  <testcase name="testEliminar" classname="com.syntaxerror.biblioteca.persistance.dao.LectorDAOTest" time="21.562">
    <system-out><![CDATA[---- DATOS DE BIB_PERSONA ----
ID_PERSONA: 8990
NOMBRE_COMPLETO: Juan Pérez
DIRECCION: Av. Siempre Viva 123
TELEFONO: 987654321
CORREO: juan.perez@example.com
---- DATOS DE BIB_LECTOR ----
ID_LECTOR: 44
NIVEL: BASICO
PERSONA_IDPERSONA: 8990
]]></system-out>
    <system-err><![CDATA[may. 06, 2025 12:16:06 A. M. com.syntaxerror.biblioteca.persistance.dao.impl.DAOImplBase ejecutarModificacionEnBD
INFO: com.mysql.cj.jdbc.CallableStatement: INSERT INTO BIB_SEDE(NOMBRE, DIRECCION, DISTRITO, TELEFONO_CONTACTO, CORREO_CONTACTO, ACTIVA) VALUES ('Sede Test', 'Dirección Test', 'Distrito Test', '123456789', 'test@test.com', 1)
may. 06, 2025 12:16:09 A. M. com.syntaxerror.biblioteca.persistance.dao.impl.DAOImplBase ejecutarModificacionEnBD
INFO: com.mysql.cj.jdbc.CallableStatement: INSERT INTO BIB_LECTOR(NIVEL, PERSONA_IDPERSONA) VALUES ('BASICO', 8990)
may. 06, 2025 12:16:15 A. M. com.syntaxerror.biblioteca.persistance.dao.impl.DAOImplBase ejecutarModificacionEnBD
INFO: com.mysql.cj.jdbc.CallableStatement: INSERT INTO BIB_LECTOR(NIVEL, PERSONA_IDPERSONA) VALUES ('INTERMEDIO', 8991)
may. 06, 2025 12:16:18 A. M. com.syntaxerror.biblioteca.persistance.dao.impl.DAOImplBase ejecutarModificacionEnBD
INFO: com.mysql.cj.jdbc.CallableStatement: DELETE FROM BIB_LECTOR WHERE ID_LECTOR=44
may. 06, 2025 12:16:22 A. M. com.syntaxerror.biblioteca.persistance.dao.impl.DAOImplBase ejecutarModificacionEnBD
INFO: com.mysql.cj.jdbc.CallableStatement: DELETE FROM BIB_LECTOR WHERE ID_LECTOR=45
]]></system-err>
  </testcase>
  <testcase name="testInsertar" classname="com.syntaxerror.biblioteca.persistance.dao.LectorDAOTest" time="21.51">
    <system-out><![CDATA[---- DATOS DE BIB_PERSONA ----
ID_PERSONA: 8992
NOMBRE_COMPLETO: Juan Pérez
DIRECCION: Av. Siempre Viva 123
TELEFONO: 987654321
CORREO: juan.perez@example.com
---- DATOS DE BIB_LECTOR ----
ID_LECTOR: 46
NIVEL: BASICO
PERSONA_IDPERSONA: 8992
]]></system-out>
    <system-err><![CDATA[may. 06, 2025 12:16:28 A. M. com.syntaxerror.biblioteca.persistance.dao.impl.DAOImplBase ejecutarModificacionEnBD
INFO: com.mysql.cj.jdbc.CallableStatement: INSERT INTO BIB_SEDE(NOMBRE, DIRECCION, DISTRITO, TELEFONO_CONTACTO, CORREO_CONTACTO, ACTIVA) VALUES ('Sede Test', 'Dirección Test', 'Distrito Test', '123456789', 'test@test.com', 1)
may. 06, 2025 12:16:31 A. M. com.syntaxerror.biblioteca.persistance.dao.impl.DAOImplBase ejecutarModificacionEnBD
INFO: com.mysql.cj.jdbc.CallableStatement: INSERT INTO BIB_LECTOR(NIVEL, PERSONA_IDPERSONA) VALUES ('BASICO', 8992)
may. 06, 2025 12:16:37 A. M. com.syntaxerror.biblioteca.persistance.dao.impl.DAOImplBase ejecutarModificacionEnBD
INFO: com.mysql.cj.jdbc.CallableStatement: INSERT INTO BIB_LECTOR(NIVEL, PERSONA_IDPERSONA) VALUES ('INTERMEDIO', 8993)
may. 06, 2025 12:16:39 A. M. com.syntaxerror.biblioteca.persistance.dao.impl.DAOImplBase ejecutarModificacionEnBD
INFO: com.mysql.cj.jdbc.CallableStatement: DELETE FROM BIB_LECTOR WHERE ID_LECTOR=46
may. 06, 2025 12:16:44 A. M. com.syntaxerror.biblioteca.persistance.dao.impl.DAOImplBase ejecutarModificacionEnBD
INFO: com.mysql.cj.jdbc.CallableStatement: DELETE FROM BIB_LECTOR WHERE ID_LECTOR=47
]]></system-err>
  </testcase>
  <testcase name="testListarTodos" classname="com.syntaxerror.biblioteca.persistance.dao.LectorDAOTest" time="22.374">
    <system-out><![CDATA[---- DATOS DE BIB_PERSONA ----
ID_PERSONA: 8994
NOMBRE_COMPLETO: Juan Pérez
DIRECCION: Av. Siempre Viva 123
TELEFONO: 987654321
CORREO: juan.perez@example.com
---- DATOS DE BIB_LECTOR ----
ID_LECTOR: 48
NIVEL: BASICO
PERSONA_IDPERSONA: 8994
]]></system-out>
    <system-err><![CDATA[may. 06, 2025 12:16:49 A. M. com.syntaxerror.biblioteca.persistance.dao.impl.DAOImplBase ejecutarModificacionEnBD
INFO: com.mysql.cj.jdbc.CallableStatement: INSERT INTO BIB_SEDE(NOMBRE, DIRECCION, DISTRITO, TELEFONO_CONTACTO, CORREO_CONTACTO, ACTIVA) VALUES ('Sede Test', 'Dirección Test', 'Distrito Test', '123456789', 'test@test.com', 1)
may. 06, 2025 12:16:52 A. M. com.syntaxerror.biblioteca.persistance.dao.impl.DAOImplBase ejecutarModificacionEnBD
INFO: com.mysql.cj.jdbc.CallableStatement: INSERT INTO BIB_LECTOR(NIVEL, PERSONA_IDPERSONA) VALUES ('BASICO', 8994)
may. 06, 2025 12:16:58 A. M. com.syntaxerror.biblioteca.persistance.dao.impl.DAOImplBase ejecutarModificacionEnBD
INFO: com.mysql.cj.jdbc.CallableStatement: INSERT INTO BIB_LECTOR(NIVEL, PERSONA_IDPERSONA) VALUES ('INTERMEDIO', 8995)
may. 06, 2025 12:17:02 A. M. com.syntaxerror.biblioteca.persistance.dao.impl.DAOImplBase ejecutarModificacionEnBD
INFO: com.mysql.cj.jdbc.CallableStatement: DELETE FROM BIB_LECTOR WHERE ID_LECTOR=48
may. 06, 2025 12:17:06 A. M. com.syntaxerror.biblioteca.persistance.dao.impl.DAOImplBase ejecutarModificacionEnBD
INFO: com.mysql.cj.jdbc.CallableStatement: DELETE FROM BIB_LECTOR WHERE ID_LECTOR=49
]]></system-err>
  </testcase>
</testsuite>