<?xml version="1.0" encoding="UTF-8"?>
<testsuite xmlns:xsi="http://www.w3.org/2001/XMLSchema-instance" xsi:noNamespaceSchemaLocation="https://maven.apache.org/surefire/maven-surefire-plugin/xsd/surefire-test-report-3.0.xsd" version="3.0" name="com.syntaxerror.biblioteca.persistance.dao.SedeDAOTest" time="51.196" tests="5" errors="0" skipped="0" failures="0">
  <properties>
    <property name="java.specification.version" value="24"/>
    <property name="sun.jnu.encoding" value="UTF-8"/>
    <property name="java.class.path" value="/Users/webiwabo/Documents/GitHub/myholylib/ProyectoSyntaxErrorBiblioteca/target/test-classes:/Users/webiwabo/Documents/GitHub/myholylib/ProyectoSyntaxErrorBiblioteca/target/classes:/Users/webiwabo/.m2/repository/commons-codec/commons-codec/1.18.0/commons-codec-1.18.0.jar:/Users/webiwabo/.m2/repository/com/mysql/mysql-connector-j/9.2.0/mysql-connector-j-9.2.0.jar:/Users/webiwabo/.m2/repository/com/google/protobuf/protobuf-java/4.29.0/protobuf-java-4.29.0.jar:/Users/webiwabo/.m2/repository/org/junit/jupiter/junit-jupiter-api/5.10.3/junit-jupiter-api-5.10.3.jar:/Users/webiwabo/.m2/repository/org/opentest4j/opentest4j/1.3.0/opentest4j-1.3.0.jar:/Users/webiwabo/.m2/repository/org/junit/platform/junit-platform-commons/1.10.3/junit-platform-commons-1.10.3.jar:/Users/webiwabo/.m2/repository/org/apiguardian/apiguardian-api/1.1.2/apiguardian-api-1.1.2.jar:/Users/webiwabo/.m2/repository/org/junit/jupiter/junit-jupiter-params/5.10.3/junit-jupiter-params-5.10.3.jar:/Users/webiwabo/.m2/repository/org/junit/jupiter/junit-jupiter-engine/5.10.3/junit-jupiter-engine-5.10.3.jar:/Users/webiwabo/.m2/repository/org/junit/platform/junit-platform-engine/1.10.3/junit-platform-engine-1.10.3.jar:"/>
    <property name="java.vm.vendor" value="Oracle Corporation"/>
    <property name="sun.arch.data.model" value="64"/>
    <property name="java.vendor.url" value="https://java.oracle.com/"/>
    <property name="user.timezone" value="America/Los_Angeles"/>
    <property name="os.name" value="Mac OS X"/>
    <property name="java.vm.specification.version" value="24"/>
    <property name="user.country" value="419"/>
    <property name="sun.java.launcher" value="SUN_STANDARD"/>
    <property name="sun.boot.library.path" value="/Library/Java/JavaVirtualMachines/jdk-24.jdk/Contents/Home/lib"/>
    <property name="sun.java.command" value="/Users/webiwabo/Documents/GitHub/myholylib/ProyectoSyntaxErrorBiblioteca/target/surefire/surefirebooter-20250501075344702_3.jar /Users/webiwabo/Documents/GitHub/myholylib/ProyectoSyntaxErrorBiblioteca/target/surefire 2025-05-01T07-53-44_603-jvmRun1 surefire-20250501075344702_1tmp surefire_0-20250501075344702_2tmp"/>
    <property name="http.nonProxyHosts" value="local|*.local|169.254/16|*.169.254/16"/>
    <property name="jdk.debug" value="release"/>
    <property name="surefire.test.class.path" value="/Users/webiwabo/Documents/GitHub/myholylib/ProyectoSyntaxErrorBiblioteca/target/test-classes:/Users/webiwabo/Documents/GitHub/myholylib/ProyectoSyntaxErrorBiblioteca/target/classes:/Users/webiwabo/.m2/repository/commons-codec/commons-codec/1.18.0/commons-codec-1.18.0.jar:/Users/webiwabo/.m2/repository/com/mysql/mysql-connector-j/9.2.0/mysql-connector-j-9.2.0.jar:/Users/webiwabo/.m2/repository/com/google/protobuf/protobuf-java/4.29.0/protobuf-java-4.29.0.jar:/Users/webiwabo/.m2/repository/org/junit/jupiter/junit-jupiter-api/5.10.3/junit-jupiter-api-5.10.3.jar:/Users/webiwabo/.m2/repository/org/opentest4j/opentest4j/1.3.0/opentest4j-1.3.0.jar:/Users/webiwabo/.m2/repository/org/junit/platform/junit-platform-commons/1.10.3/junit-platform-commons-1.10.3.jar:/Users/webiwabo/.m2/repository/org/apiguardian/apiguardian-api/1.1.2/apiguardian-api-1.1.2.jar:/Users/webiwabo/.m2/repository/org/junit/jupiter/junit-jupiter-params/5.10.3/junit-jupiter-params-5.10.3.jar:/Users/webiwabo/.m2/repository/org/junit/jupiter/junit-jupiter-engine/5.10.3/junit-jupiter-engine-5.10.3.jar:/Users/webiwabo/.m2/repository/org/junit/platform/junit-platform-engine/1.10.3/junit-platform-engine-1.10.3.jar:"/>
    <property name="sun.cpu.endian" value="little"/>
    <property name="user.home" value="/Users/webiwabo"/>
    <property name="user.language" value="es"/>
    <property name="java.specification.vendor" value="Oracle Corporation"/>
    <property name="java.version.date" value="2025-04-15"/>
    <property name="java.home" value="/Library/Java/JavaVirtualMachines/jdk-24.jdk/Contents/Home"/>
    <property name="file.separator" value="/"/>
    <property name="basedir" value="/Users/webiwabo/Documents/GitHub/myholylib/ProyectoSyntaxErrorBiblioteca"/>
    <property name="java.vm.compressedOopsMode" value="Zero based"/>
    <property name="line.separator" value="&#10;"/>
    <property name="java.vm.specification.vendor" value="Oracle Corporation"/>
    <property name="java.specification.name" value="Java Platform API Specification"/>
    <property name="apple.awt.application.name" value="ForkedBooter"/>
    <property name="surefire.real.class.path" value="/Users/webiwabo/Documents/GitHub/myholylib/ProyectoSyntaxErrorBiblioteca/target/surefire/surefirebooter-20250501075344702_3.jar"/>
    <property name="sun.management.compiler" value="HotSpot 64-Bit Tiered Compilers"/>
    <property name="ftp.nonProxyHosts" value="local|*.local|169.254/16|*.169.254/16"/>
    <property name="java.runtime.version" value="24.0.1+9-30"/>
    <property name="user.name" value="webiwabo"/>
    <property name="stdout.encoding" value="UTF-8"/>
    <property name="path.separator" value=":"/>
    <property name="os.version" value="13.7.5"/>
    <property name="java.runtime.name" value="Java(TM) SE Runtime Environment"/>
    <property name="file.encoding" value="UTF-8"/>
    <property name="java.vm.name" value="Java HotSpot(TM) 64-Bit Server VM"/>
    <property name="maven.ext.class.path" value="/Applications/Apache NetBeans.app/Contents/Resources/netbeans/java/maven-nblib/netbeans-eventspy.jar"/>
    <property name="localRepository" value="/Users/webiwabo/.m2/repository"/>
    <property name="java.vendor.url.bug" value="https://bugreport.java.com/bugreport/"/>
    <property name="java.io.tmpdir" value="/var/folders/jb/r8cwd0zx0b59ftk3c7pfmj5h0000gp/T/"/>
    <property name="java.version" value="24.0.1"/>
    <property name="user.dir" value="/Users/webiwabo/Documents/GitHub/myholylib/ProyectoSyntaxErrorBiblioteca"/>
    <property name="os.arch" value="x86_64"/>
    <property name="java.vm.specification.name" value="Java Virtual Machine Specification"/>
    <property name="native.encoding" value="UTF-8"/>
    <property name="java.library.path" value="/Users/webiwabo/Library/Java/Extensions:/Library/Java/Extensions:/Network/Library/Java/Extensions:/System/Library/Java/Extensions:/usr/lib/java:."/>
    <property name="java.vm.info" value="mixed mode, sharing"/>
    <property name="stderr.encoding" value="UTF-8"/>
    <property name="java.vendor" value="Oracle Corporation"/>
    <property name="java.vm.version" value="24.0.1+9-30"/>
    <property name="sun.io.unicode.encoding" value="UnicodeBig"/>
    <property name="socksNonProxyHosts" value="local|*.local|169.254/16|*.169.254/16"/>
    <property name="java.class.version" value="68.0"/>
  </properties>
  <testcase name="testModificar" classname="com.syntaxerror.biblioteca.persistance.dao.SedeDAOTest" time="13.243">
    <system-out><![CDATA[modificar
]]></system-out>
    <system-err><![CDATA[may 01, 2025 7:53:48 A.M. com.syntaxerror.biblioteca.persistance.dao.impl.DAOImplBase ejecutarModificacionEnBD
INFO: com.mysql.cj.jdbc.CallableStatement: INSERT INTO BIB_SEDE(NOMBRE, DIRECCION, DISTRITO, TELEFONO_CONTACTO, CORREO_CONTACTO, ACTIVA) VALUES ('Sede Central', 'Av. Principal 123', 'Distrito Central', '987654321', 'sede.central@email.com', 1)
may 01, 2025 7:53:50 A.M. com.syntaxerror.biblioteca.persistance.dao.impl.DAOImplBase ejecutarModificacionEnBD
INFO: com.mysql.cj.jdbc.CallableStatement: INSERT INTO BIB_SEDE(NOMBRE, DIRECCION, DISTRITO, TELEFONO_CONTACTO, CORREO_CONTACTO, ACTIVA) VALUES ('Sede PUCP', 'Av. Universitaria 456', 'San Miguel', '123456789', 'sede.pucp@email.com', 1)
may 01, 2025 7:53:52 A.M. com.syntaxerror.biblioteca.persistance.dao.impl.DAOImplBase ejecutarModificacionEnBD
INFO: com.mysql.cj.jdbc.CallableStatement: UPDATE BIB_SEDE SET NOMBRE='NuevoNombre0', DIRECCION='NuevaDireccion0', DISTRITO='NuevoDistrito0', TELEFONO_CONTACTO='NuevoTelefono0', CORREO_CONTACTO='NuevoCorreo0', ACTIVA=0 WHERE ID_SEDE=111
may 01, 2025 7:53:54 A.M. com.syntaxerror.biblioteca.persistance.dao.impl.DAOImplBase ejecutarModificacionEnBD
INFO: com.mysql.cj.jdbc.CallableStatement: UPDATE BIB_SEDE SET NOMBRE='NuevoNombre1', DIRECCION='NuevaDireccion1', DISTRITO='NuevoDistrito1', TELEFONO_CONTACTO='NuevoTelefono1', CORREO_CONTACTO='NuevoCorreo1', ACTIVA=0 WHERE ID_SEDE=112
may 01, 2025 7:53:57 A.M. com.syntaxerror.biblioteca.persistance.dao.impl.DAOImplBase ejecutarModificacionEnBD
INFO: com.mysql.cj.jdbc.CallableStatement: DELETE FROM BIB_SEDE WHERE ID_SEDE=111
may 01, 2025 7:53:59 A.M. com.syntaxerror.biblioteca.persistance.dao.impl.DAOImplBase ejecutarModificacionEnBD
INFO: com.mysql.cj.jdbc.CallableStatement: DELETE FROM BIB_SEDE WHERE ID_SEDE=112
]]></system-err>
  </testcase>
  <testcase name="testObtenerPorId" classname="com.syntaxerror.biblioteca.persistance.dao.SedeDAOTest" time="10.469">
    <system-out><![CDATA[obtenerPorId
]]></system-out>
    <system-err><![CDATA[may 01, 2025 7:54:02 A.M. com.syntaxerror.biblioteca.persistance.dao.impl.DAOImplBase ejecutarModificacionEnBD
INFO: com.mysql.cj.jdbc.CallableStatement: INSERT INTO BIB_SEDE(NOMBRE, DIRECCION, DISTRITO, TELEFONO_CONTACTO, CORREO_CONTACTO, ACTIVA) VALUES ('Sede Central', 'Av. Principal 123', 'Distrito Central', '987654321', 'sede.central@email.com', 1)
may 01, 2025 7:54:03 A.M. com.syntaxerror.biblioteca.persistance.dao.impl.DAOImplBase ejecutarModificacionEnBD
INFO: com.mysql.cj.jdbc.CallableStatement: INSERT INTO BIB_SEDE(NOMBRE, DIRECCION, DISTRITO, TELEFONO_CONTACTO, CORREO_CONTACTO, ACTIVA) VALUES ('Sede PUCP', 'Av. Universitaria 456', 'San Miguel', '123456789', 'sede.pucp@email.com', 1)
may 01, 2025 7:54:07 A.M. com.syntaxerror.biblioteca.persistance.dao.impl.DAOImplBase ejecutarModificacionEnBD
INFO: com.mysql.cj.jdbc.CallableStatement: DELETE FROM BIB_SEDE WHERE ID_SEDE=113
may 01, 2025 7:54:10 A.M. com.syntaxerror.biblioteca.persistance.dao.impl.DAOImplBase ejecutarModificacionEnBD
INFO: com.mysql.cj.jdbc.CallableStatement: DELETE FROM BIB_SEDE WHERE ID_SEDE=114
]]></system-err>
  </testcase>
  <testcase name="testEliminar" classname="com.syntaxerror.biblioteca.persistance.dao.SedeDAOTest" time="8.548">
    <system-out><![CDATA[eliminar
]]></system-out>
    <system-err><![CDATA[may 01, 2025 7:54:12 A.M. com.syntaxerror.biblioteca.persistance.dao.impl.DAOImplBase ejecutarModificacionEnBD
INFO: com.mysql.cj.jdbc.CallableStatement: INSERT INTO BIB_SEDE(NOMBRE, DIRECCION, DISTRITO, TELEFONO_CONTACTO, CORREO_CONTACTO, ACTIVA) VALUES ('Sede Central', 'Av. Principal 123', 'Distrito Central', '987654321', 'sede.central@email.com', 1)
may 01, 2025 7:54:13 A.M. com.syntaxerror.biblioteca.persistance.dao.impl.DAOImplBase ejecutarModificacionEnBD
INFO: com.mysql.cj.jdbc.CallableStatement: INSERT INTO BIB_SEDE(NOMBRE, DIRECCION, DISTRITO, TELEFONO_CONTACTO, CORREO_CONTACTO, ACTIVA) VALUES ('Sede PUCP', 'Av. Universitaria 456', 'San Miguel', '123456789', 'sede.pucp@email.com', 1)
may 01, 2025 7:54:16 A.M. com.syntaxerror.biblioteca.persistance.dao.impl.DAOImplBase ejecutarModificacionEnBD
INFO: com.mysql.cj.jdbc.CallableStatement: DELETE FROM BIB_SEDE WHERE ID_SEDE=115
may 01, 2025 7:54:18 A.M. com.syntaxerror.biblioteca.persistance.dao.impl.DAOImplBase ejecutarModificacionEnBD
INFO: com.mysql.cj.jdbc.CallableStatement: DELETE FROM BIB_SEDE WHERE ID_SEDE=116
]]></system-err>
  </testcase>
  <testcase name="testInsertar" classname="com.syntaxerror.biblioteca.persistance.dao.SedeDAOTest" time="9.464">
    <system-out><![CDATA[insertar
]]></system-out>
    <system-err><![CDATA[may 01, 2025 7:54:22 A.M. com.syntaxerror.biblioteca.persistance.dao.impl.DAOImplBase ejecutarModificacionEnBD
INFO: com.mysql.cj.jdbc.CallableStatement: INSERT INTO BIB_SEDE(NOMBRE, DIRECCION, DISTRITO, TELEFONO_CONTACTO, CORREO_CONTACTO, ACTIVA) VALUES ('Sede Central', 'Av. Principal 123', 'Distrito Central', '987654321', 'sede.central@email.com', 1)
may 01, 2025 7:54:23 A.M. com.syntaxerror.biblioteca.persistance.dao.impl.DAOImplBase ejecutarModificacionEnBD
INFO: com.mysql.cj.jdbc.CallableStatement: INSERT INTO BIB_SEDE(NOMBRE, DIRECCION, DISTRITO, TELEFONO_CONTACTO, CORREO_CONTACTO, ACTIVA) VALUES ('Sede PUCP', 'Av. Universitaria 456', 'San Miguel', '123456789', 'sede.pucp@email.com', 1)
may 01, 2025 7:54:25 A.M. com.syntaxerror.biblioteca.persistance.dao.impl.DAOImplBase ejecutarModificacionEnBD
INFO: com.mysql.cj.jdbc.CallableStatement: DELETE FROM BIB_SEDE WHERE ID_SEDE=117
may 01, 2025 7:54:28 A.M. com.syntaxerror.biblioteca.persistance.dao.impl.DAOImplBase ejecutarModificacionEnBD
INFO: com.mysql.cj.jdbc.CallableStatement: DELETE FROM BIB_SEDE WHERE ID_SEDE=118
]]></system-err>
  </testcase>
  <testcase name="testListarTodos" classname="com.syntaxerror.biblioteca.persistance.dao.SedeDAOTest" time="9.465">
    <system-out><![CDATA[listarTodos
]]></system-out>
    <system-err><![CDATA[may 01, 2025 7:54:30 A.M. com.syntaxerror.biblioteca.persistance.dao.impl.DAOImplBase ejecutarModificacionEnBD
INFO: com.mysql.cj.jdbc.CallableStatement: INSERT INTO BIB_SEDE(NOMBRE, DIRECCION, DISTRITO, TELEFONO_CONTACTO, CORREO_CONTACTO, ACTIVA) VALUES ('Sede Central', 'Av. Principal 123', 'Distrito Central', '987654321', 'sede.central@email.com', 1)
may 01, 2025 7:54:31 A.M. com.syntaxerror.biblioteca.persistance.dao.impl.DAOImplBase ejecutarModificacionEnBD
INFO: com.mysql.cj.jdbc.CallableStatement: INSERT INTO BIB_SEDE(NOMBRE, DIRECCION, DISTRITO, TELEFONO_CONTACTO, CORREO_CONTACTO, ACTIVA) VALUES ('Sede PUCP', 'Av. Universitaria 456', 'San Miguel', '123456789', 'sede.pucp@email.com', 1)
may 01, 2025 7:54:35 A.M. com.syntaxerror.biblioteca.persistance.dao.impl.DAOImplBase ejecutarModificacionEnBD
INFO: com.mysql.cj.jdbc.CallableStatement: DELETE FROM BIB_SEDE WHERE ID_SEDE=119
may 01, 2025 7:54:37 A.M. com.syntaxerror.biblioteca.persistance.dao.impl.DAOImplBase ejecutarModificacionEnBD
INFO: com.mysql.cj.jdbc.CallableStatement: DELETE FROM BIB_SEDE WHERE ID_SEDE=120
]]></system-err>
  </testcase>
</testsuite>