<?xml version="1.0" encoding="UTF-8"?>
<testsuite xmlns:xsi="http://www.w3.org/2001/XMLSchema-instance" xsi:noNamespaceSchemaLocation="https://maven.apache.org/surefire/maven-surefire-plugin/xsd/surefire-test-report-3.0.xsd" version="3.0" name="com.syntaxerror.biblioteca.persistance.dao.SedeDAOTest" time="68.155" tests="5" errors="0" skipped="0" failures="0">
  <properties>
    <property name="java.specification.version" value="21"/>
    <property name="sun.cpu.isalist" value="amd64"/>
    <property name="sun.jnu.encoding" value="Cp1252"/>
    <property name="java.class.path" value="C:\Users\Fabian\OneDrive\Documents\GitHub\myholylib\ProyectoSyntaxErrorBiblioteca\target\test-classes;C:\Users\Fabian\OneDrive\Documents\GitHub\myholylib\ProyectoSyntaxErrorBiblioteca\target\classes;C:\Users\Fabian\.m2\repository\commons-codec\commons-codec\1.18.0\commons-codec-1.18.0.jar;C:\Users\Fabian\.m2\repository\com\mysql\mysql-connector-j\9.2.0\mysql-connector-j-9.2.0.jar;C:\Users\Fabian\.m2\repository\com\google\protobuf\protobuf-java\4.29.0\protobuf-java-4.29.0.jar;C:\Users\Fabian\.m2\repository\org\junit\jupiter\junit-jupiter-api\5.6.0\junit-jupiter-api-5.6.0.jar;C:\Users\Fabian\.m2\repository\org\apiguardian\apiguardian-api\1.1.0\apiguardian-api-1.1.0.jar;C:\Users\Fabian\.m2\repository\org\opentest4j\opentest4j\1.2.0\opentest4j-1.2.0.jar;C:\Users\Fabian\.m2\repository\org\junit\platform\junit-platform-commons\1.6.0\junit-platform-commons-1.6.0.jar;C:\Users\Fabian\.m2\repository\org\junit\jupiter\junit-jupiter-params\5.6.0\junit-jupiter-params-5.6.0.jar;C:\Users\Fabian\.m2\repository\org\junit\jupiter\junit-jupiter-engine\5.6.0\junit-jupiter-engine-5.6.0.jar;C:\Users\Fabian\.m2\repository\org\junit\platform\junit-platform-engine\1.6.0\junit-platform-engine-1.6.0.jar;"/>
    <property name="java.vm.vendor" value="Oracle Corporation"/>
    <property name="sun.arch.data.model" value="64"/>
    <property name="user.variant" value=""/>
    <property name="java.vendor.url" value="https://java.oracle.com/"/>
    <property name="user.timezone" value="America/Lima"/>
    <property name="os.name" value="Windows 10"/>
    <property name="java.vm.specification.version" value="21"/>
    <property name="user.country" value="PE"/>
    <property name="sun.java.launcher" value="SUN_STANDARD"/>
    <property name="sun.boot.library.path" value="C:\Program Files\Java\jdk-21\bin"/>
    <property name="sun.java.command" value="C:\Users\Fabian\AppData\Local\Temp\surefire8512917963791233732\surefirebooter-20250501212411450_3.jar C:\Users\Fabian\AppData\Local\Temp\surefire8512917963791233732 2025-05-01T21-24-10_910-jvmRun1 surefire-20250501212411450_1tmp surefire_0-20250501212411450_2tmp"/>
    <property name="jdk.debug" value="release"/>
    <property name="test" value="com.syntaxerror.biblioteca.persistance.dao.SedeDAOTest"/>
    <property name="surefire.test.class.path" value="C:\Users\Fabian\OneDrive\Documents\GitHub\myholylib\ProyectoSyntaxErrorBiblioteca\target\test-classes;C:\Users\Fabian\OneDrive\Documents\GitHub\myholylib\ProyectoSyntaxErrorBiblioteca\target\classes;C:\Users\Fabian\.m2\repository\commons-codec\commons-codec\1.18.0\commons-codec-1.18.0.jar;C:\Users\Fabian\.m2\repository\com\mysql\mysql-connector-j\9.2.0\mysql-connector-j-9.2.0.jar;C:\Users\Fabian\.m2\repository\com\google\protobuf\protobuf-java\4.29.0\protobuf-java-4.29.0.jar;C:\Users\Fabian\.m2\repository\org\junit\jupiter\junit-jupiter-api\5.6.0\junit-jupiter-api-5.6.0.jar;C:\Users\Fabian\.m2\repository\org\apiguardian\apiguardian-api\1.1.0\apiguardian-api-1.1.0.jar;C:\Users\Fabian\.m2\repository\org\opentest4j\opentest4j\1.2.0\opentest4j-1.2.0.jar;C:\Users\Fabian\.m2\repository\org\junit\platform\junit-platform-commons\1.6.0\junit-platform-commons-1.6.0.jar;C:\Users\Fabian\.m2\repository\org\junit\jupiter\junit-jupiter-params\5.6.0\junit-jupiter-params-5.6.0.jar;C:\Users\Fabian\.m2\repository\org\junit\jupiter\junit-jupiter-engine\5.6.0\junit-jupiter-engine-5.6.0.jar;C:\Users\Fabian\.m2\repository\org\junit\platform\junit-platform-engine\1.6.0\junit-platform-engine-1.6.0.jar;"/>
    <property name="sun.cpu.endian" value="little"/>
    <property name="user.home" value="C:\Users\Fabian"/>
    <property name="user.language" value="es"/>
    <property name="java.specification.vendor" value="Oracle Corporation"/>
    <property name="java.version.date" value="2025-01-21"/>
    <property name="java.home" value="C:\Program Files\Java\jdk-21"/>
    <property name="file.separator" value="\"/>
    <property name="basedir" value="C:\Users\Fabian\OneDrive\Documents\GitHub\myholylib\ProyectoSyntaxErrorBiblioteca"/>
    <property name="java.vm.compressedOopsMode" value="32-bit"/>
    <property name="line.separator" value="&#10;"/>
    <property name="java.vm.specification.vendor" value="Oracle Corporation"/>
    <property name="java.specification.name" value="Java Platform API Specification"/>
    <property name="surefire.real.class.path" value="C:\Users\Fabian\AppData\Local\Temp\surefire8512917963791233732\surefirebooter-20250501212411450_3.jar"/>
    <property name="user.script" value=""/>
    <property name="sun.management.compiler" value="HotSpot 64-Bit Tiered Compilers"/>
    <property name="java.runtime.version" value="21.0.6+8-LTS-188"/>
    <property name="user.name" value="Fabian"/>
    <property name="stdout.encoding" value="Cp1252"/>
    <property name="path.separator" value=";"/>
    <property name="os.version" value="10.0"/>
    <property name="java.runtime.name" value="Java(TM) SE Runtime Environment"/>
    <property name="file.encoding" value="UTF-8"/>
    <property name="java.vm.name" value="Java HotSpot(TM) 64-Bit Server VM"/>
    <property name="maven.ext.class.path" value="C:\Program Files\NetBeans-23\netbeans\java\maven-nblib\netbeans-eventspy.jar"/>
    <property name="localRepository" value="C:\Users\Fabian\.m2\repository"/>
    <property name="java.vendor.url.bug" value="https://bugreport.java.com/bugreport/"/>
    <property name="java.io.tmpdir" value="C:\Users\Fabian\AppData\Local\Temp\"/>
    <property name="java.version" value="21.0.6"/>
    <property name="user.dir" value="C:\Users\Fabian\OneDrive\Documents\GitHub\myholylib\ProyectoSyntaxErrorBiblioteca"/>
    <property name="os.arch" value="amd64"/>
    <property name="java.vm.specification.name" value="Java Virtual Machine Specification"/>
    <property name="sun.os.patch.level" value=""/>
    <property name="native.encoding" value="Cp1252"/>
    <property name="java.library.path" value="C:\Program Files\Java\jdk-21\bin;C:\WINDOWS\Sun\Java\bin;C:\WINDOWS\system32;C:\WINDOWS;C:\app\Fabian\product\21c\dbhomeXE\bin;C:\Windows\Microsoft.NET\Framework64\v4.0.30319\;C:\Program Files\dotnet\;C:\Program Files\Common Files\Oracle\Java\javapath;C:\Program Files (x86)\Common Files\Oracle\Java\javapath;C:\Program Files (x86)\NVIDIA Corporation\PhysX\Common;C:\ProgramData\Oracle\Java\javapath;C:\WINDOWS\system32;C:\WINDOWS;C:\WINDOWS\System32\Wbem;C:\WINDOWS\System32\WindowsPowerShell\v1.0\;C:\WINDOWS\System32\OpenSSH\;C:\Program Files\Git\cmd;C:\Program Files (x86)\Windows Kits\10\Windows Performance Toolkit\;C:\MinGW\bin;C:\MinGW\MSYS\1.0\bin;C:\Program Files\Java\jdk-21\bin;C:\Program Files\Microsoft SQL Server\150\Tools\Binn\;C:\Program Files\Microsoft SQL Server\Client SDK\ODBC\170\Tools\Binn\;C:\Users\Fabian\AppData\Local\Programs\Python\Python38-32\Scripts\;C:\Users\Fabian\AppData\Local\Programs\Python\Python38-32\;C:\Users\Fabian\AppData\Local\Microsoft\WindowsApps;C:\Program Files\JetBrains\PyCharm Community Edition 2020.2.2\bin;;C:\flutter\bin;C:\Users\Fabian\AppData\Local\Programs\Microsoft VS Code\bin;C:\Users\Fabian\.dotnet\tools;C:\Users\Fabian\AppData\Local\GitHubDesktop\bin;."/>
    <property name="java.vm.info" value="mixed mode, sharing"/>
    <property name="stderr.encoding" value="Cp1252"/>
    <property name="java.vendor" value="Oracle Corporation"/>
    <property name="java.vm.version" value="21.0.6+8-LTS-188"/>
    <property name="sun.io.unicode.encoding" value="UnicodeLittle"/>
    <property name="java.class.version" value="65.0"/>
  </properties>
  <testcase name="testModificar" classname="com.syntaxerror.biblioteca.persistance.dao.SedeDAOTest" time="18.217">
    <system-out><![CDATA[modificar
]]></system-out>
    <system-err><![CDATA[may. 01, 2025 9:24:14 P. M. com.syntaxerror.biblioteca.persistance.dao.impl.DAOImplBase ejecutarModificacionEnBD
INFO: com.mysql.cj.jdbc.CallableStatement: INSERT INTO BIB_SEDE(NOMBRE, DIRECCION, DISTRITO, TELEFONO_CONTACTO, CORREO_CONTACTO, ACTIVA) VALUES ('Sede Central', 'Av. Principal 123', 'Distrito Central', '987654321', 'sede.central@email.com', 1)
may. 01, 2025 9:24:16 P. M. com.syntaxerror.biblioteca.persistance.dao.impl.DAOImplBase ejecutarModificacionEnBD
INFO: com.mysql.cj.jdbc.CallableStatement: INSERT INTO BIB_SEDE(NOMBRE, DIRECCION, DISTRITO, TELEFONO_CONTACTO, CORREO_CONTACTO, ACTIVA) VALUES ('Sede PUCP', 'Av. Universitaria 456', 'San Miguel', '123456789', 'sede.pucp@email.com', 1)
may. 01, 2025 9:24:19 P. M. com.syntaxerror.biblioteca.persistance.dao.impl.DAOImplBase ejecutarModificacionEnBD
INFO: com.mysql.cj.jdbc.CallableStatement: UPDATE BIB_SEDE SET NOMBRE='NuevoNombre0', DIRECCION='NuevaDireccion0', DISTRITO='NuevoDistrito0', TELEFONO_CONTACTO='NuevoTelefono0', CORREO_CONTACTO='NuevoCorreo0', ACTIVA=0 WHERE ID_SEDE=121
may. 01, 2025 9:24:21 P. M. com.syntaxerror.biblioteca.persistance.dao.impl.DAOImplBase ejecutarModificacionEnBD
INFO: com.mysql.cj.jdbc.CallableStatement: UPDATE BIB_SEDE SET NOMBRE='NuevoNombre1', DIRECCION='NuevaDireccion1', DISTRITO='NuevoDistrito1', TELEFONO_CONTACTO='NuevoTelefono1', CORREO_CONTACTO='NuevoCorreo1', ACTIVA=0 WHERE ID_SEDE=122
may. 01, 2025 9:24:25 P. M. com.syntaxerror.biblioteca.persistance.dao.impl.DAOImplBase ejecutarModificacionEnBD
INFO: com.mysql.cj.jdbc.CallableStatement: DELETE FROM BIB_SEDE WHERE ID_SEDE=121
may. 01, 2025 9:24:28 P. M. com.syntaxerror.biblioteca.persistance.dao.impl.DAOImplBase ejecutarModificacionEnBD
INFO: com.mysql.cj.jdbc.CallableStatement: DELETE FROM BIB_SEDE WHERE ID_SEDE=122
]]></system-err>
  </testcase>
  <testcase name="testObtenerPorId" classname="com.syntaxerror.biblioteca.persistance.dao.SedeDAOTest" time="13.701">
    <system-out><![CDATA[obtenerPorId
]]></system-out>
    <system-err><![CDATA[may. 01, 2025 9:24:31 P. M. com.syntaxerror.biblioteca.persistance.dao.impl.DAOImplBase ejecutarModificacionEnBD
INFO: com.mysql.cj.jdbc.CallableStatement: INSERT INTO BIB_SEDE(NOMBRE, DIRECCION, DISTRITO, TELEFONO_CONTACTO, CORREO_CONTACTO, ACTIVA) VALUES ('Sede Central', 'Av. Principal 123', 'Distrito Central', '987654321', 'sede.central@email.com', 1)
may. 01, 2025 9:24:33 P. M. com.syntaxerror.biblioteca.persistance.dao.impl.DAOImplBase ejecutarModificacionEnBD
INFO: com.mysql.cj.jdbc.CallableStatement: INSERT INTO BIB_SEDE(NOMBRE, DIRECCION, DISTRITO, TELEFONO_CONTACTO, CORREO_CONTACTO, ACTIVA) VALUES ('Sede PUCP', 'Av. Universitaria 456', 'San Miguel', '123456789', 'sede.pucp@email.com', 1)
may. 01, 2025 9:24:39 P. M. com.syntaxerror.biblioteca.persistance.dao.impl.DAOImplBase ejecutarModificacionEnBD
INFO: com.mysql.cj.jdbc.CallableStatement: DELETE FROM BIB_SEDE WHERE ID_SEDE=123
may. 01, 2025 9:24:42 P. M. com.syntaxerror.biblioteca.persistance.dao.impl.DAOImplBase ejecutarModificacionEnBD
INFO: com.mysql.cj.jdbc.CallableStatement: DELETE FROM BIB_SEDE WHERE ID_SEDE=124
]]></system-err>
  </testcase>
  <testcase name="testEliminar" classname="com.syntaxerror.biblioteca.persistance.dao.SedeDAOTest" time="11.622">
    <system-out><![CDATA[eliminar
]]></system-out>
    <system-err><![CDATA[may. 01, 2025 9:24:45 P. M. com.syntaxerror.biblioteca.persistance.dao.impl.DAOImplBase ejecutarModificacionEnBD
INFO: com.mysql.cj.jdbc.CallableStatement: INSERT INTO BIB_SEDE(NOMBRE, DIRECCION, DISTRITO, TELEFONO_CONTACTO, CORREO_CONTACTO, ACTIVA) VALUES ('Sede Central', 'Av. Principal 123', 'Distrito Central', '987654321', 'sede.central@email.com', 1)
may. 01, 2025 9:24:47 P. M. com.syntaxerror.biblioteca.persistance.dao.impl.DAOImplBase ejecutarModificacionEnBD
INFO: com.mysql.cj.jdbc.CallableStatement: INSERT INTO BIB_SEDE(NOMBRE, DIRECCION, DISTRITO, TELEFONO_CONTACTO, CORREO_CONTACTO, ACTIVA) VALUES ('Sede PUCP', 'Av. Universitaria 456', 'San Miguel', '123456789', 'sede.pucp@email.com', 1)
may. 01, 2025 9:24:50 P. M. com.syntaxerror.biblioteca.persistance.dao.impl.DAOImplBase ejecutarModificacionEnBD
INFO: com.mysql.cj.jdbc.CallableStatement: DELETE FROM BIB_SEDE WHERE ID_SEDE=125
may. 01, 2025 9:24:53 P. M. com.syntaxerror.biblioteca.persistance.dao.impl.DAOImplBase ejecutarModificacionEnBD
INFO: com.mysql.cj.jdbc.CallableStatement: DELETE FROM BIB_SEDE WHERE ID_SEDE=126
]]></system-err>
  </testcase>
  <testcase name="testInsertar" classname="com.syntaxerror.biblioteca.persistance.dao.SedeDAOTest" time="12.318">
    <system-out><![CDATA[insertar
]]></system-out>
    <system-err><![CDATA[may. 01, 2025 9:24:58 P. M. com.syntaxerror.biblioteca.persistance.dao.impl.DAOImplBase ejecutarModificacionEnBD
INFO: com.mysql.cj.jdbc.CallableStatement: INSERT INTO BIB_SEDE(NOMBRE, DIRECCION, DISTRITO, TELEFONO_CONTACTO, CORREO_CONTACTO, ACTIVA) VALUES ('Sede Central', 'Av. Principal 123', 'Distrito Central', '987654321', 'sede.central@email.com', 1)
may. 01, 2025 9:25:00 P. M. com.syntaxerror.biblioteca.persistance.dao.impl.DAOImplBase ejecutarModificacionEnBD
INFO: com.mysql.cj.jdbc.CallableStatement: INSERT INTO BIB_SEDE(NOMBRE, DIRECCION, DISTRITO, TELEFONO_CONTACTO, CORREO_CONTACTO, ACTIVA) VALUES ('Sede PUCP', 'Av. Universitaria 456', 'San Miguel', '123456789', 'sede.pucp@email.com', 1)
may. 01, 2025 9:25:03 P. M. com.syntaxerror.biblioteca.persistance.dao.impl.DAOImplBase ejecutarModificacionEnBD
INFO: com.mysql.cj.jdbc.CallableStatement: DELETE FROM BIB_SEDE WHERE ID_SEDE=127
may. 01, 2025 9:25:06 P. M. com.syntaxerror.biblioteca.persistance.dao.impl.DAOImplBase ejecutarModificacionEnBD
INFO: com.mysql.cj.jdbc.CallableStatement: DELETE FROM BIB_SEDE WHERE ID_SEDE=128
]]></system-err>
  </testcase>
  <testcase name="testListarTodos" classname="com.syntaxerror.biblioteca.persistance.dao.SedeDAOTest" time="12.273">
    <system-out><![CDATA[listarTodos
]]></system-out>
    <system-err><![CDATA[may. 01, 2025 9:25:09 P. M. com.syntaxerror.biblioteca.persistance.dao.impl.DAOImplBase ejecutarModificacionEnBD
INFO: com.mysql.cj.jdbc.CallableStatement: INSERT INTO BIB_SEDE(NOMBRE, DIRECCION, DISTRITO, TELEFONO_CONTACTO, CORREO_CONTACTO, ACTIVA) VALUES ('Sede Central', 'Av. Principal 123', 'Distrito Central', '987654321', 'sede.central@email.com', 1)
may. 01, 2025 9:25:11 P. M. com.syntaxerror.biblioteca.persistance.dao.impl.DAOImplBase ejecutarModificacionEnBD
INFO: com.mysql.cj.jdbc.CallableStatement: INSERT INTO BIB_SEDE(NOMBRE, DIRECCION, DISTRITO, TELEFONO_CONTACTO, CORREO_CONTACTO, ACTIVA) VALUES ('Sede PUCP', 'Av. Universitaria 456', 'San Miguel', '123456789', 'sede.pucp@email.com', 1)
may. 01, 2025 9:25:15 P. M. com.syntaxerror.biblioteca.persistance.dao.impl.DAOImplBase ejecutarModificacionEnBD
INFO: com.mysql.cj.jdbc.CallableStatement: DELETE FROM BIB_SEDE WHERE ID_SEDE=129
may. 01, 2025 9:25:18 P. M. com.syntaxerror.biblioteca.persistance.dao.impl.DAOImplBase ejecutarModificacionEnBD
INFO: com.mysql.cj.jdbc.CallableStatement: DELETE FROM BIB_SEDE WHERE ID_SEDE=130
]]></system-err>
  </testcase>
</testsuite>